<!DOCTYPE html PUBLIC "-//W3C//DTD XHTML 1.1//EN" "https://www.w3.org/TR/xhtml11/DTD/xhtml11.dtd">
<html xmlns="https://www.w3.org/1999/xhtml">
<head>
<meta http-equiv="content-type" content="text/html; charset=UTF-8"/>
<title>TestNG Report</title>
<style type="text/css">table {margin-bottom:10px;border-collapse:collapse;empty-cells:show}th,td {border:1px solid #009;padding:.25em .5em}th {vertical-align:bottom}td {vertical-align:top}table a {font-weight:bold}.stripe td {background-color: #E6EBF9}.num {text-align:right}.passedodd td {background-color: #3F3}.passedeven td {background-color: #0A0}.skippedodd td {background-color: #DDD}.skippedeven td {background-color: #CCC}.failedodd td,.attn {background-color: #F33}.failedeven td,.stripe .attn {background-color: #D00}.stacktrace {white-space:pre;font-family:monospace}.totop {font-size:85%;text-align:center;border-bottom:2px solid #000}.invisible {display:none}</style>
</head>
<body>
<table>
<tr><th>Test</th><th># Passed</th><th># Skipped</th><th># Retried</th><th># Failed</th><th>Time (ms)</th><th>Included Groups</th><th>Excluded Groups</th></tr>
<tr><th colspan="8">Suite</th></tr>
<tr><td><a href="#t0">Submit Order Test</a></td><td class="num">3</td><td class="num">0</td><td class="num">0</td><td class="num">0</td><td class="num">2,511,571</td><td></td><td></td></tr>
<tr class="stripe"><td><a href="#t1">Error Validation Test</a></td><td class="num">1</td><td class="num">0</td><td class="num attn">1</td><td class="num attn">1</td><td class="num">2,513,181</td><td></td><td></td></tr>
<tr><th>Total</th><th class="num">4</th><th class="num">0</th><th class="num attn">1</th><th class="num attn">1</th><th class="num">5,024,752</th><th colspan="2"></th></tr>
</table>
<table id='summary'><thead><tr><th>Class</th><th>Method</th><th>Start</th><th>Time (ms)</th></tr></thead><tbody><tr><th colspan="4">Suite</th></tr></tbody><tbody id="t0"><tr><th colspan="4">Submit Order Test &#8212; passed</th></tr><tr class="passedeven"><td rowspan="3">RahulShettyAcademy.tests.SubmitOrderTest</td><td><a href="#m0">orderHistoryTest</a></td><td rowspan="1">1696262165363</td><td rowspan="1">4638</td></tr><tr class="passedeven"><td><a href="#m1">submitOrder</a></td><td rowspan="2">1696262138323</td><td rowspan="2">16001</td></tr><tr class="passedeven"><td><a href="#m2">submitOrder</a></td></tr></tbody>
<tbody id="t1"><tr><th colspan="4">Error Validation Test &#8212; failed</th></tr><tr class="failedeven"><td rowspan="1">RahulShettyAcademy.tests.ErrorValidationTest</td><td><a href="#m3">productErrorValidation</a></td><td rowspan="1">1696262129898</td><td rowspan="1">41443</td></tr><tr><th colspan="4">Error Validation Test &#8212; retried</th></tr><tr class="retriedeven"><td rowspan="1">RahulShettyAcademy.tests.ErrorValidationTest</td><td><a href="#m4">loginErrorValidation</a></td><td rowspan="1">1696259672187</td><td rowspan="1">2431384</td></tr><tr><th colspan="4">Error Validation Test &#8212; passed</th></tr><tr class="passedeven"><td rowspan="1">RahulShettyAcademy.tests.ErrorValidationTest</td><td><a href="#m5">loginErrorValidation</a></td><td rowspan="1">1696262115737</td><td rowspan="1">2368</td></tr></tbody>
</table>
<h2>Submit Order Test</h2><h3 id="m0">RahulShettyAcademy.tests.SubmitOrderTest#orderHistoryTest</h3><table class="result"><tr><th class="invisible"/></tr></table><p class="totop"><a href="#summary">back to summary</a></p>
<h3 id="m1">RahulShettyAcademy.tests.SubmitOrderTest#submitOrder</h3><table class="result"><tr class="param"><th>Parameter #1</th></tr><tr class="param stripe"><td>{password=Password1234!, product=ADIDAS ORIGINAL, email=seleniumtest1@gmail.com}</td></tr></table><p class="totop"><a href="#summary">back to summary</a></p>
<h3 id="m2">RahulShettyAcademy.tests.SubmitOrderTest#submitOrder</h3><table class="result"><tr class="param"><th>Parameter #1</th></tr><tr class="param stripe"><td>{password=Iuserahulshettyacademy123, product=ZARA COAT 3, email=simmy@gmail.com}</td></tr></table><p class="totop"><a href="#summary">back to summary</a></p>
<h2>Error Validation Test</h2><h3 id="m3">RahulShettyAcademy.tests.ErrorValidationTest#productErrorValidation</h3><table class="result"><tr><th>Exception</th></tr><tr><td><div class="stacktrace">java.lang.AssertionError: expected [true] but found [false]
	at RahulShettyAcademy.tests.ErrorValidationTest.productErrorValidation(ErrorValidationTest.java:34)
	at java.util.ArrayList.forEach(ArrayList.java:1257)
	at java.util.concurrent.FutureTask.run(FutureTask.java:266)
	at java.util.concurrent.ThreadPoolExecutor.runWorker(ThreadPoolExecutor.java:1149)
	at java.util.concurrent.ThreadPoolExecutor$Worker.run(ThreadPoolExecutor.java:624)
	at java.lang.Thread.run(Thread.java:748)
... Removed 22 stack frames</div></td></tr></table><p class="totop"><a href="#summary">back to summary</a></p>
<h3 id="m4">RahulShettyAcademy.tests.ErrorValidationTest#loginErrorValidation</h3><table class="result"><tr><th>Exception</th></tr><tr><td><div class="stacktrace">org.openqa.selenium.TimeoutException: Expected condition failed: waiting for visibility of [[ChromeDriver: chrome on MAC (1d80a1bb95f7bddf7a45abc17a2b9619)] -&gt; css selector: [class*=&apos;flyInOut&apos;]] (tried for 5 second(s) with 500 milliseconds interval)
	at org.openqa.selenium.support.ui.WebDriverWait.timeoutException(WebDriverWait.java:87)
	at org.openqa.selenium.support.ui.FluentWait.until(FluentWait.java:231)
	at rahulshettyacademy.abstractcomponents.AbstractComponent.waitForWebElementToAppear(AbstractComponent.java:45)
	at rahulshettyacademy.pageobjects.LandingPage.getToErrorMessage(LandingPage.java:55)
	at RahulShettyAcademy.tests.ErrorValidationTest.loginErrorValidation(ErrorValidationTest.java:22)
	at java.util.ArrayList.forEach(ArrayList.java:1257)
	at java.util.concurrent.FutureTask.run(FutureTask.java:266)
	at java.util.concurrent.ThreadPoolExecutor.runWorker(ThreadPoolExecutor.java:1149)
	at java.util.concurrent.ThreadPoolExecutor$Worker.run(ThreadPoolExecutor.java:624)
	at java.lang.Thread.run(Thread.java:748)
Caused by: org.openqa.selenium.NoSuchElementException: no such element: Unable to locate element: {&quot;method&quot;:&quot;css selector&quot;,&quot;selector&quot;:&quot;[class*=&apos;flyInOut&apos;]&quot;}
  (Session info: chrome=117.0.5938.92)
For documentation on this error, please visit: https://selenium.dev/exceptions/#no_such_element
Build info: version: &apos;4.9.0&apos;, revision: &apos;d7057100a6&apos;
System info: os.name: &apos;Mac OS X&apos;, os.arch: &apos;x86_64&apos;, os.version: &apos;10.16&apos;, java.version: &apos;1.8.0_202&apos;
Driver info: org.openqa.selenium.chrome.ChromeDriver
Command: [1d80a1bb95f7bddf7a45abc17a2b9619, findElement {using=css selector, value=[class*=&apos;flyInOut&apos;]}]
Capabilities {acceptInsecureCerts: false, browserName: chrome, browserVersion: 117.0.5938.92, chrome: {chromedriverVersion: 117.0.5938.92 (67649b10b92b..., userDataDir: /var/folders/8p/49zlgjxj1hq...}, fedcm:accounts: true, goog:chromeOptions: {debuggerAddress: localhost:55003}, networkConnectionEnabled: false, pageLoadStrategy: normal, platformName: MAC, proxy: Proxy(), se:cdp: ws://localhost:55003/devtoo..., se:cdpVersion: 117.0.5938.92, setWindowRect: true, strictFileInteractability: false, timeouts: {implicit: 0, pageLoad: 300000, script: 30000}, unhandledPromptBehavior: dismiss and notify, webauthn:extension:credBlob: true, webauthn:extension:largeBlob: true, webauthn:extension:minPinLength: true, webauthn:extension:prf: true, webauthn:virtualAuthenticators: true}
Session ID: 1d80a1bb95f7bddf7a45abc17a2b9619
	at org.openqa.selenium.remote.codec.w3c.W3CHttpResponseCodec.createException(W3CHttpResponseCodec.java:200)
	at org.openqa.selenium.remote.codec.w3c.W3CHttpResponseCodec.decode(W3CHttpResponseCodec.java:133)
	at org.openqa.selenium.remote.codec.w3c.W3CHttpResponseCodec.decode(W3CHttpResponseCodec.java:53)
	at org.openqa.selenium.remote.HttpCommandExecutor.execute(HttpCommandExecutor.java:193)
	at org.openqa.selenium.remote.service.DriverCommandExecutor.invokeExecute(DriverCommandExecutor.java:183)
	at org.openqa.selenium.remote.service.DriverCommandExecutor.execute(DriverCommandExecutor.java:158)
	at org.openqa.selenium.remote.RemoteWebDriver.execute(RemoteWebDriver.java:543)
	at org.openqa.selenium.remote.ElementLocation$ElementFinder$2.findElement(ElementLocation.java:162)
	at org.openqa.selenium.remote.ElementLocation.findElement(ElementLocation.java:60)
	at org.openqa.selenium.remote.RemoteWebDriver.findElement(RemoteWebDriver.java:352)
	at org.openqa.selenium.remote.RemoteWebDriver.findElement(RemoteWebDriver.java:344)
	at org.openqa.selenium.support.pagefactory.DefaultElementLocator.findElement(DefaultElementLocator.java:70)
	at org.openqa.selenium.support.pagefactory.internal.LocatingElementHandler.invoke(LocatingElementHandler.java:39)
	at com.sun.proxy.$Proxy14.isDisplayed(Unknown Source)
	at org.openqa.selenium.support.ui.ExpectedConditions.elementIfVisible(ExpectedConditions.java:307)
	at org.openqa.selenium.support.ui.ExpectedConditions.access$000(ExpectedConditions.java:40)
	at org.openqa.selenium.support.ui.ExpectedConditions$10.apply(ExpectedConditions.java:293)
	at org.openqa.selenium.support.ui.ExpectedConditions$10.apply(ExpectedConditions.java:290)
	at org.openqa.selenium.support.ui.FluentWait.until(FluentWait.java:208)
	... 26 more
... Removed 22 stack frames</div></td></tr></table><p class="totop"><a href="#summary">back to summary</a></p>
<h3 id="m5">RahulShettyAcademy.tests.ErrorValidationTest#loginErrorValidation</h3><table class="result"><tr><th class="invisible"/></tr></table><p class="totop"><a href="#summary">back to summary</a></p>
</body>
</html>
