<?xml version="1.0" encoding="UTF-8"?>
<testng-results skipped="0" failed="1" ignored="0" retried="1" total="6" passed="4">
  <reporter-output>
  </reporter-output>
  <suite name="Suite" duration-ms="2513181" started-at="2023-10-02T08:14:18 PDT" finished-at="2023-10-02T08:56:11 PDT">
    <groups>
      <group name="ErrorHandling">
        <method signature="ErrorValidationTest.loginErrorValidation()[pri:0, instance:RahulShettyAcademy.tests.ErrorValidationTest@55a561cf]" name="loginErrorValidation" class="RahulShettyAcademy.tests.ErrorValidationTest"/>
      </group> <!-- ErrorHandling -->
      <group name="Purchase">
        <method signature="SubmitOrderTest.submitOrder(java.util.HashMap)[pri:0, instance:RahulShettyAcademy.tests.SubmitOrderTest@15bb6bea]" name="submitOrder" class="RahulShettyAcademy.tests.SubmitOrderTest"/>
      </group> <!-- Purchase -->
    </groups>
    <test name="Submit Order Test" duration-ms="2511571" started-at="2023-10-02T08:14:18 PDT" finished-at="2023-10-02T08:56:10 PDT">
      <class name="RahulShettyAcademy.tests.SubmitOrderTest">
        <test-method status="PASS" signature="launchApplication()[pri:0, instance:RahulShettyAcademy.tests.SubmitOrderTest@15bb6bea]" name="launchApplication" is-config="true" duration-ms="2450683" started-at="2023-10-02T08:14:18 PDT" finished-at="2023-10-02T08:55:09 PDT">
          <reporter-output>
          </reporter-output>
        </test-method> <!-- launchApplication -->
        <test-method status="PASS" signature="submitOrder(java.util.HashMap)[pri:0, instance:RahulShettyAcademy.tests.SubmitOrderTest@15bb6bea]" name="submitOrder" duration-ms="16594" started-at="2023-10-02T08:55:09 PDT" data-provider="getData" finished-at="2023-10-02T08:55:26 PDT">
          <params>
            <param index="0">
              <value>
                <![CDATA[{password=Iuserahulshettyacademy123, product=ZARA COAT 3, email=simmy@gmail.com}]]>
              </value>
            </param>
          </params>
          <reporter-output>
          </reporter-output>
        </test-method> <!-- submitOrder -->
        <test-method status="PASS" signature="tearDown()[pri:0, instance:RahulShettyAcademy.tests.SubmitOrderTest@15bb6bea]" name="tearDown" is-config="true" duration-ms="2" started-at="2023-10-02T08:55:26 PDT" finished-at="2023-10-02T08:55:26 PDT">
          <reporter-output>
          </reporter-output>
        </test-method> <!-- tearDown -->
        <test-method status="PASS" signature="launchApplication()[pri:0, instance:RahulShettyAcademy.tests.SubmitOrderTest@15bb6bea]" name="launchApplication" is-config="true" duration-ms="12163" started-at="2023-10-02T08:55:26 PDT" finished-at="2023-10-02T08:55:38 PDT">
          <reporter-output>
          </reporter-output>
        </test-method> <!-- launchApplication -->
        <test-method status="PASS" signature="submitOrder(java.util.HashMap)[pri:0, instance:RahulShettyAcademy.tests.SubmitOrderTest@15bb6bea]" name="submitOrder" duration-ms="16001" started-at="2023-10-02T08:55:38 PDT" data-provider="getData" finished-at="2023-10-02T08:55:54 PDT">
          <params>
            <param index="0">
              <value>
                <![CDATA[{password=Password1234!, product=ADIDAS ORIGINAL, email=seleniumtest1@gmail.com}]]>
              </value>
            </param>
          </params>
          <reporter-output>
          </reporter-output>
        </test-method> <!-- submitOrder -->
        <test-method status="PASS" signature="tearDown()[pri:0, instance:RahulShettyAcademy.tests.SubmitOrderTest@15bb6bea]" name="tearDown" is-config="true" duration-ms="2" started-at="2023-10-02T08:55:54 PDT" finished-at="2023-10-02T08:55:54 PDT">
          <reporter-output>
          </reporter-output>
        </test-method> <!-- tearDown -->
        <test-method status="PASS" signature="launchApplication()[pri:0, instance:RahulShettyAcademy.tests.SubmitOrderTest@15bb6bea]" name="launchApplication" is-config="true" duration-ms="10997" started-at="2023-10-02T08:55:54 PDT" finished-at="2023-10-02T08:56:05 PDT">
          <reporter-output>
          </reporter-output>
        </test-method> <!-- launchApplication -->
        <test-method status="PASS" signature="orderHistoryTest()[pri:0, instance:RahulShettyAcademy.tests.SubmitOrderTest@15bb6bea]" name="orderHistoryTest" duration-ms="4638" started-at="2023-10-02T08:56:05 PDT" depends-on-methods="RahulShettyAcademy.tests.SubmitOrderTest.submitOrder" finished-at="2023-10-02T08:56:10 PDT">
          <reporter-output>
          </reporter-output>
        </test-method> <!-- orderHistoryTest -->
        <test-method status="PASS" signature="tearDown()[pri:0, instance:RahulShettyAcademy.tests.SubmitOrderTest@15bb6bea]" name="tearDown" is-config="true" duration-ms="112" started-at="2023-10-02T08:56:10 PDT" finished-at="2023-10-02T08:56:10 PDT">
          <reporter-output>
          </reporter-output>
        </test-method> <!-- tearDown -->
      </class> <!-- RahulShettyAcademy.tests.SubmitOrderTest -->
    </test> <!-- Submit Order Test -->
    <test name="Error Validation Test" duration-ms="2513181" started-at="2023-10-02T08:14:18 PDT" finished-at="2023-10-02T08:56:11 PDT">
      <class name="RahulShettyAcademy.tests.ErrorValidationTest">
        <test-method status="PASS" signature="launchApplication()[pri:0, instance:RahulShettyAcademy.tests.ErrorValidationTest@55a561cf]" name="launchApplication" is-config="true" duration-ms="13576" started-at="2023-10-02T08:14:18 PDT" finished-at="2023-10-02T08:14:32 PDT">
          <reporter-output>
          </reporter-output>
        </test-method> <!-- launchApplication -->
        <test-method status="SKIP" signature="loginErrorValidation()[pri:0, instance:RahulShettyAcademy.tests.ErrorValidationTest@55a561cf]" name="loginErrorValidation" duration-ms="2431384" retried="true" started-at="2023-10-02T08:14:32 PDT" finished-at="2023-10-02T08:55:03 PDT">
          <exception class="org.openqa.selenium.TimeoutException">
            <message>
              <![CDATA[Expected condition failed: waiting for visibility of [[ChromeDriver: chrome on MAC (1d80a1bb95f7bddf7a45abc17a2b9619)] -> css selector: [class*='flyInOut']] (tried for 5 second(s) with 500 milliseconds interval)]]>
            </message>
            <full-stacktrace>
              <![CDATA[org.openqa.selenium.TimeoutException: Expected condition failed: waiting for visibility of [[ChromeDriver: chrome on MAC (1d80a1bb95f7bddf7a45abc17a2b9619)] -> css selector: [class*='flyInOut']] (tried for 5 second(s) with 500 milliseconds interval)
at org.openqa.selenium.support.ui.WebDriverWait.timeoutException(WebDriverWait.java:87)
at org.openqa.selenium.support.ui.FluentWait.until(FluentWait.java:231)
at rahulshettyacademy.abstractcomponents.AbstractComponent.waitForWebElementToAppear(AbstractComponent.java:45)
at rahulshettyacademy.pageobjects.LandingPage.getToErrorMessage(LandingPage.java:55)
at RahulShettyAcademy.tests.ErrorValidationTest.loginErrorValidation(ErrorValidationTest.java:22)
at sun.reflect.NativeMethodAccessorImpl.invoke0(Native Method)
at sun.reflect.NativeMethodAccessorImpl.invoke(NativeMethodAccessorImpl.java:62)
at sun.reflect.DelegatingMethodAccessorImpl.invoke(DelegatingMethodAccessorImpl.java:43)
at java.lang.reflect.Method.invoke(Method.java:498)
at org.testng.internal.MethodInvocationHelper.invokeMethod(MethodInvocationHelper.java:133)
at org.testng.internal.TestInvoker.invokeMethod(TestInvoker.java:598)
at org.testng.internal.TestInvoker.invokeTestMethod(TestInvoker.java:173)
at org.testng.internal.MethodRunner.runInSequence(MethodRunner.java:46)
at org.testng.internal.TestInvoker$MethodInvocationAgent.invoke(TestInvoker.java:824)
at org.testng.internal.TestInvoker.invokeTestMethods(TestInvoker.java:146)
at org.testng.internal.TestMethodWorker.invokeTestMethods(TestMethodWorker.java:146)
at org.testng.internal.TestMethodWorker.run(TestMethodWorker.java:128)
at java.util.ArrayList.forEach(ArrayList.java:1257)
at org.testng.TestRunner.privateRun(TestRunner.java:794)
at org.testng.TestRunner.run(TestRunner.java:596)
at org.testng.SuiteRunner.runTest(SuiteRunner.java:377)
at org.testng.SuiteRunner.access$000(SuiteRunner.java:28)
at org.testng.SuiteRunner$SuiteWorker.run(SuiteRunner.java:418)
at org.testng.internal.thread.ThreadUtil.lambda$execute$0(ThreadUtil.java:64)
at java.util.concurrent.FutureTask.run(FutureTask.java:266)
at java.util.concurrent.ThreadPoolExecutor.runWorker(ThreadPoolExecutor.java:1149)
at java.util.concurrent.ThreadPoolExecutor$Worker.run(ThreadPoolExecutor.java:624)
at java.lang.Thread.run(Thread.java:748)
Caused by: org.openqa.selenium.NoSuchElementException: no such element: Unable to locate element: {"method":"css selector","selector":"[class*='flyInOut']"}
  (Session info: chrome=117.0.5938.92)
For documentation on this error, please visit: https://selenium.dev/exceptions/#no_such_element
Build info: version: '4.9.0', revision: 'd7057100a6'
System info: os.name: 'Mac OS X', os.arch: 'x86_64', os.version: '10.16', java.version: '1.8.0_202'
Driver info: org.openqa.selenium.chrome.ChromeDriver
Command: [1d80a1bb95f7bddf7a45abc17a2b9619, findElement {using=css selector, value=[class*='flyInOut']}]
Capabilities {acceptInsecureCerts: false, browserName: chrome, browserVersion: 117.0.5938.92, chrome: {chromedriverVersion: 117.0.5938.92 (67649b10b92b..., userDataDir: /var/folders/8p/49zlgjxj1hq...}, fedcm:accounts: true, goog:chromeOptions: {debuggerAddress: localhost:55003}, networkConnectionEnabled: false, pageLoadStrategy: normal, platformName: MAC, proxy: Proxy(), se:cdp: ws://localhost:55003/devtoo..., se:cdpVersion: 117.0.5938.92, setWindowRect: true, strictFileInteractability: false, timeouts: {implicit: 0, pageLoad: 300000, script: 30000}, unhandledPromptBehavior: dismiss and notify, webauthn:extension:credBlob: true, webauthn:extension:largeBlob: true, webauthn:extension:minPinLength: true, webauthn:extension:prf: true, webauthn:virtualAuthenticators: true}
Session ID: 1d80a1bb95f7bddf7a45abc17a2b9619
at sun.reflect.NativeConstructorAccessorImpl.newInstance0(Native Method)
at sun.reflect.NativeConstructorAccessorImpl.newInstance(NativeConstructorAccessorImpl.java:62)
at sun.reflect.DelegatingConstructorAccessorImpl.newInstance(DelegatingConstructorAccessorImpl.java:45)
at java.lang.reflect.Constructor.newInstance(Constructor.java:423)
at org.openqa.selenium.remote.codec.w3c.W3CHttpResponseCodec.createException(W3CHttpResponseCodec.java:200)
at org.openqa.selenium.remote.codec.w3c.W3CHttpResponseCodec.decode(W3CHttpResponseCodec.java:133)
at org.openqa.selenium.remote.codec.w3c.W3CHttpResponseCodec.decode(W3CHttpResponseCodec.java:53)
at org.openqa.selenium.remote.HttpCommandExecutor.execute(HttpCommandExecutor.java:193)
at org.openqa.selenium.remote.service.DriverCommandExecutor.invokeExecute(DriverCommandExecutor.java:183)
at org.openqa.selenium.remote.service.DriverCommandExecutor.execute(DriverCommandExecutor.java:158)
at org.openqa.selenium.remote.RemoteWebDriver.execute(RemoteWebDriver.java:543)
at org.openqa.selenium.remote.ElementLocation$ElementFinder$2.findElement(ElementLocation.java:162)
at org.openqa.selenium.remote.ElementLocation.findElement(ElementLocation.java:60)
at org.openqa.selenium.remote.RemoteWebDriver.findElement(RemoteWebDriver.java:352)
at org.openqa.selenium.remote.RemoteWebDriver.findElement(RemoteWebDriver.java:344)
at org.openqa.selenium.support.pagefactory.DefaultElementLocator.findElement(DefaultElementLocator.java:70)
at org.openqa.selenium.support.pagefactory.internal.LocatingElementHandler.invoke(LocatingElementHandler.java:39)
at com.sun.proxy.$Proxy14.isDisplayed(Unknown Source)
at org.openqa.selenium.support.ui.ExpectedConditions.elementIfVisible(ExpectedConditions.java:307)
at org.openqa.selenium.support.ui.ExpectedConditions.access$000(ExpectedConditions.java:40)
at org.openqa.selenium.support.ui.ExpectedConditions$10.apply(ExpectedConditions.java:293)
at org.openqa.selenium.support.ui.ExpectedConditions$10.apply(ExpectedConditions.java:290)
at org.openqa.selenium.support.ui.FluentWait.until(FluentWait.java:208)
... 26 more
]]>
            </full-stacktrace>
          </exception> <!-- org.openqa.selenium.TimeoutException -->
          <reporter-output>
          </reporter-output>
        </test-method> <!-- loginErrorValidation -->
        <test-method status="PASS" signature="tearDown()[pri:0, instance:RahulShettyAcademy.tests.ErrorValidationTest@55a561cf]" name="tearDown" is-config="true" duration-ms="145" started-at="2023-10-02T08:55:03 PDT" finished-at="2023-10-02T08:55:03 PDT">
          <reporter-output>
          </reporter-output>
        </test-method> <!-- tearDown -->
        <test-method status="PASS" signature="launchApplication()[pri:0, instance:RahulShettyAcademy.tests.ErrorValidationTest@55a561cf]" name="launchApplication" is-config="true" duration-ms="11996" started-at="2023-10-02T08:55:03 PDT" finished-at="2023-10-02T08:55:15 PDT">
          <reporter-output>
          </reporter-output>
        </test-method> <!-- launchApplication -->
        <test-method status="PASS" signature="loginErrorValidation()[pri:0, instance:RahulShettyAcademy.tests.ErrorValidationTest@55a561cf]" name="loginErrorValidation" duration-ms="2368" started-at="2023-10-02T08:55:15 PDT" finished-at="2023-10-02T08:55:18 PDT">
          <reporter-output>
          </reporter-output>
        </test-method> <!-- loginErrorValidation -->
        <test-method status="PASS" signature="tearDown()[pri:0, instance:RahulShettyAcademy.tests.ErrorValidationTest@55a561cf]" name="tearDown" is-config="true" duration-ms="111" started-at="2023-10-02T08:55:18 PDT" finished-at="2023-10-02T08:55:18 PDT">
          <reporter-output>
          </reporter-output>
        </test-method> <!-- tearDown -->
        <test-method status="PASS" signature="launchApplication()[pri:0, instance:RahulShettyAcademy.tests.ErrorValidationTest@55a561cf]" name="launchApplication" is-config="true" duration-ms="11671" started-at="2023-10-02T08:55:18 PDT" finished-at="2023-10-02T08:55:29 PDT">
          <reporter-output>
          </reporter-output>
        </test-method> <!-- launchApplication -->
        <test-method status="FAIL" signature="productErrorValidation()[pri:0, instance:RahulShettyAcademy.tests.ErrorValidationTest@55a561cf]" name="productErrorValidation" duration-ms="41443" started-at="2023-10-02T08:55:29 PDT" finished-at="2023-10-02T08:56:11 PDT">
          <exception class="java.lang.AssertionError">
            <message>
              <![CDATA[expected [true] but found [false]]]>
            </message>
            <full-stacktrace>
              <![CDATA[java.lang.AssertionError: expected [true] but found [false]
at org.testng.Assert.fail(Assert.java:99)
at org.testng.Assert.failNotEquals(Assert.java:1037)
at org.testng.Assert.assertTrue(Assert.java:45)
at org.testng.Assert.assertTrue(Assert.java:55)
at RahulShettyAcademy.tests.ErrorValidationTest.productErrorValidation(ErrorValidationTest.java:34)
at sun.reflect.NativeMethodAccessorImpl.invoke0(Native Method)
at sun.reflect.NativeMethodAccessorImpl.invoke(NativeMethodAccessorImpl.java:62)
at sun.reflect.DelegatingMethodAccessorImpl.invoke(DelegatingMethodAccessorImpl.java:43)
at java.lang.reflect.Method.invoke(Method.java:498)
at org.testng.internal.MethodInvocationHelper.invokeMethod(MethodInvocationHelper.java:133)
at org.testng.internal.TestInvoker.invokeMethod(TestInvoker.java:598)
at org.testng.internal.TestInvoker.invokeTestMethod(TestInvoker.java:173)
at org.testng.internal.MethodRunner.runInSequence(MethodRunner.java:46)
at org.testng.internal.TestInvoker$MethodInvocationAgent.invoke(TestInvoker.java:824)
at org.testng.internal.TestInvoker.invokeTestMethods(TestInvoker.java:146)
at org.testng.internal.TestMethodWorker.invokeTestMethods(TestMethodWorker.java:146)
at org.testng.internal.TestMethodWorker.run(TestMethodWorker.java:128)
at java.util.ArrayList.forEach(ArrayList.java:1257)
at org.testng.TestRunner.privateRun(TestRunner.java:794)
at org.testng.TestRunner.run(TestRunner.java:596)
at org.testng.SuiteRunner.runTest(SuiteRunner.java:377)
at org.testng.SuiteRunner.access$000(SuiteRunner.java:28)
at org.testng.SuiteRunner$SuiteWorker.run(SuiteRunner.java:418)
at org.testng.internal.thread.ThreadUtil.lambda$execute$0(ThreadUtil.java:64)
at java.util.concurrent.FutureTask.run(FutureTask.java:266)
at java.util.concurrent.ThreadPoolExecutor.runWorker(ThreadPoolExecutor.java:1149)
at java.util.concurrent.ThreadPoolExecutor$Worker.run(ThreadPoolExecutor.java:624)
at java.lang.Thread.run(Thread.java:748)
]]>
            </full-stacktrace>
          </exception> <!-- java.lang.AssertionError -->
          <reporter-output>
          </reporter-output>
        </test-method> <!-- productErrorValidation -->
        <test-method status="PASS" signature="tearDown()[pri:0, instance:RahulShettyAcademy.tests.ErrorValidationTest@55a561cf]" name="tearDown" is-config="true" duration-ms="117" started-at="2023-10-02T08:56:11 PDT" finished-at="2023-10-02T08:56:11 PDT">
          <reporter-output>
          </reporter-output>
        </test-method> <!-- tearDown -->
      </class> <!-- RahulShettyAcademy.tests.ErrorValidationTest -->
    </test> <!-- Error Validation Test -->
  </suite> <!-- Suite -->
</testng-results>
